# UMI-tools version: 1.1.5
# output generated by dedup --stdin=example_sorted.bam --paired --log=example_dedup.log --output-stats=example_dedup
# job started at Sat Sep 14 09:48:28 2024 on drdx -- 7809ee2a-5ff4-490f-a59a-9d923739f16d
# pid: 291409, system: Linux 6.8.0-40-generic #40~22.04.3-Ubuntu SMP PREEMPT_DYNAMIC Tue Jul 30 17:30:19 UTC 2 x86_64
# assigned_tag                            : None
# cell_tag                                : None
# cell_tag_delim                          : None
# cell_tag_split                          : -
# chimeric_pairs                          : use
# chrom                                   : None
# compresslevel                           : 6
# detection_method                        : None
# filter_umi                              : None
# gene_tag                                : None
# gene_transcript_map                     : None
# get_umi_method                          : read_id
# ignore_tlen                             : False
# ignore_umi                              : False
# in_sam                                  : False
# log2stderr                              : False
# loglevel                                : 1
# mapping_quality                         : 0
# method                                  : directional
# no_sort_output                          : False
# out_sam                                 : False
# output_unmapped                         : False
# paired                                  : True
# per_cell                                : False
# per_contig                              : False
# per_gene                                : False
# random_seed                             : None
# read_length                             : False
# short_help                              : None
# skip_regex                              : ^(__|Unassigned)
# soft_clip_threshold                     : 4
# spliced                                 : False
# stats                                   : example_dedup
# stderr                                  : <_io.TextIOWrapper name='<stderr>' mode='w' encoding='utf-8'>
# stdin                                   : <_io.TextIOWrapper name='example_sorted.bam' mode='r' encoding='UTF-8'>
# stdlog                                  : <_io.TextIOWrapper name='example_dedup.log' mode='a' encoding='UTF-8'>
# stdout                                  : <_io.TextIOWrapper name='<stdout>' mode='w' encoding='utf-8'>
# subset                                  : None
# threshold                               : 1
# timeit_file                             : None
# timeit_header                           : None
# timeit_name                             : all
# tmpdir                                  : None
# umi_sep                                 : _
# umi_tag                                 : RX
# umi_tag_delim                           : None
# umi_tag_split                           : None
# umi_whitelist                           : None
# umi_whitelist_paired                    : None
# unmapped_reads                          : discard
# unpaired_reads                          : use
# whole_contig                            : False
2024-09-14 09:48:28,552 WARNING Chimeric read pairs are being used. Some read pair UMIs may be grouped/deduplicated using just the mapping coordinates from read1.This may also increase the run time and memory usage. Consider --chimeric-pairs==discard to discard these reads or --chimeric-pairs==output (group command only) to output them without grouping
2024-09-14 09:48:28,552 WARNING Unpaired read pairs are being used. Some read pair UMIs may be grouped/deduplicated using just the mapping coordinates from read1.This may also increase the run time and memory usage. Consider --unpared-reads==discard to discard these reads or --unpared-reads==output (group command only) to output them without grouping
2024-09-14 09:48:28,552 INFO command: dedup --stdin=example_sorted.bam --paired --log=example_dedup.log --output-stats=example_dedup
2024-09-14 09:48:28,734 INFO total_umis 94034
2024-09-14 09:48:28,734 INFO #umis 24734
2024-09-14 09:49:06,297 INFO Searching for mates for 2 unmatched alignments
2024-09-14 09:49:06,320 INFO 2 mates never found
2024-09-14 09:49:06,762 INFO Reads: Input Reads: 94287, Read pairs: 94287, Read 2 unmapped: 262, Read 1 unmapped: 253, Chimeric read pair: 2
2024-09-14 09:49:06,762 INFO Number of reads out: 5618
2024-09-14 09:49:06,762 INFO Total number of positions deduplicated: 194
2024-09-14 09:49:06,762 INFO Mean number of unique UMIs per position: 137.28
2024-09-14 09:49:06,762 INFO Max. number of unique UMIs per position: 13214
# job finished in 38 seconds at Sat Sep 14 09:49:06 2024 -- 38.00  1.75  0.00  0.00 -- 7809ee2a-5ff4-490f-a59a-9d923739f16d
