# UMI-tools version: 1.1.5
# output generated by extract --extract-method regex --bc-pattern  --bc-pattern2 (?P<umi_1>.{10})T{2}.* -I ex_R1_001.fastq.gz --read2-in ex_R2_001.fastq.gz -S ex_R1_001.filt.fq --read2-out ex_R2_001.filt.fq -L example_extract.log
# job started at Sat Sep 14 09:48:03 2024 on drdx -- 41c037b5-62f5-4be4-a2af-6a366c5e93ef
# pid: 291322, system: Linux 6.8.0-40-generic #40~22.04.3-Ubuntu SMP PREEMPT_DYNAMIC Tue Jul 30 17:30:19 UTC 2 x86_64
# blacklist                               : None
# compresslevel                           : 6
# correct_umi_threshold                   : 0
# either_read                             : False
# either_read_resolve                     : discard
# error_correct_cell                      : False
# extract_method                          : regex
# filter_cell_barcode                     : None
# filter_cell_barcodes                    : False
# filter_umi                              : None
# filtered_out                            : None
# filtered_out2                           : None
# ignore_suffix                           : False
# log2stderr                              : False
# loglevel                                : 1
# pattern                                 : 
# pattern2                                : (?P<umi_1>.{10})T{2}.*
# prime3                                  : None
# quality_encoding                        : None
# quality_filter_mask                     : None
# quality_filter_threshold                : None
# random_seed                             : None
# read2_in                                : ex_R2_001.fastq.gz
# read2_out                               : ex_R2_001.filt.fq
# read2_stdout                            : False
# reads_subset                            : None
# reconcile                               : False
# retain_umi                              : None
# short_help                              : None
# stderr                                  : <_io.TextIOWrapper name='<stderr>' mode='w' encoding='utf-8'>
# stdin                                   : <_io.TextIOWrapper name='ex_R1_001.fastq.gz' encoding='ascii'>
# stdlog                                  : <_io.TextIOWrapper name='example_extract.log' mode='a' encoding='UTF-8'>
# stdout                                  : <_io.TextIOWrapper name='ex_R1_001.filt.fq' mode='w' encoding='UTF-8'>
# timeit_file                             : None
# timeit_header                           : None
# timeit_name                             : all
# tmpdir                                  : None
# umi_correct_log                         : None
# umi_separator                           : _
# umi_whitelist                           : None
# umi_whitelist_paired                    : None
# whitelist                               : None
2024-09-14 09:48:03,553 INFO Starting barcode extraction
2024-09-14 09:48:04,551 INFO Parsed 100000 reads
2024-09-14 09:48:05,608 INFO Parsed 200000 reads
2024-09-14 09:48:06,619 INFO Parsed 300000 reads
2024-09-14 09:48:07,651 INFO Parsed 400000 reads
2024-09-14 09:48:08,677 INFO Parsed 500000 reads
2024-09-14 09:48:09,708 INFO Parsed 600000 reads
2024-09-14 09:48:10,746 INFO Parsed 700000 reads
2024-09-14 09:48:11,748 INFO Parsed 800000 reads
2024-09-14 09:48:12,784 INFO Parsed 900000 reads
2024-09-14 09:48:13,159 INFO Input Reads: 936098
2024-09-14 09:48:13,159 INFO regex does not match read2: 824181
2024-09-14 09:48:13,159 INFO regex matches read2: 111917
2024-09-14 09:48:13,159 INFO Reads output: 111917
# job finished in 9 seconds at Sat Sep 14 09:48:13 2024 -- 10.10  0.93  0.00  0.00 -- 41c037b5-62f5-4be4-a2af-6a366c5e93ef
